<?xml version="1.0" encoding="UTF-8"?>
<testsuite name="JUnit Jupiter" tests="20" skipped="0" failures="0" errors="0" time="0.432" hostname="WS00065" timestamp="2018-01-10T17:15:21">
<properties>
[...]
</properties>
<testcase name="equalsTestNotEqualLength()" classname="com.something.to.test.PairTest" time="0.009">
<system-out><![CDATA[
unique-id: [engine:junit-jupiter]/[class:com.something.to.test.PairTest]/[method:equalsTestNotEqualLength()]
display-name: equalsTestNotEqualLength()
]]></system-out>
</testcase>
<testcase name="equalsTestEquals()" classname="com.something.to.test.PairTest" time="0.002">
<system-out><![CDATA[
unique-id: [engine:junit-jupiter]/[class:com.something.to.test.PairTest]/[method:equalsTestEquals()]
display-name: equalsTestEquals()
]]></system-out>
</testcase>
<testcase name="equalsTestEqualsMethod()" classname="com.something.to.test.PairTest" time="0.001">
<system-out><![CDATA[
unique-id: [engine:junit-jupiter]/[class:com.something.to.test.PairTest]/[method:equalsTestEqualsMethod()]
display-name: equalsTestEqualsMethod()
]]></system-out>
</testcase>
<testcase name="equalsTestNotEqualStart()" classname="com.something.to.test.PairTest" time="0">
<system-out><![CDATA[
unique-id: [engine:junit-jupiter]/[class:com.something.to.test.PairTest]/[method:equalsTestNotEqualStart()]
display-name: equalsTestNotEqualStart()
]]></system-out>
</testcase>
<testcase name="findUniformStringTestLong()" classname="com.something.to.test.SimpleSolverTest" time="0.002">
<system-out><![CDATA[
unique-id: [engine:junit-jupiter]/[class:com.something.to.test.SimpleSolverTest]/[method:findUniformStringTestLong()]
display-name: findUniformStringTestLong()
]]></system-out>
</testcase>
<testcase name="findUniformStringTestEmpty()" classname="com.something.to.test.SimpleSolverTest" time="0">
<system-out><![CDATA[
unique-id: [engine:junit-jupiter]/[class:com.something.to.test.SimpleSolverTest]/[method:findUniformStringTestEmpty()]
display-name: findUniformStringTestEmpty()
]]></system-out>
</testcase>
<testcase name="findUniformStringTestTwoChar()" classname="com.something.to.test.SimpleSolverTest" time="0">
<system-out><![CDATA[
unique-id: [engine:junit-jupiter]/[class:com.something.to.test.SimpleSolverTest]/[method:findUniformStringTestTwoChar()]
display-name: findUniformStringTestTwoChar()
]]></system-out>
</testcase>
<testcase name="findUniformStringTestSimple()" classname="com.something.to.test.SimpleSolverTest" time="0.001">
<system-out><![CDATA[
unique-id: [engine:junit-jupiter]/[class:com.something.to.test.SimpleSolverTest]/[method:findUniformStringTestSimple()]
display-name: findUniformStringTestSimple()
]]></system-out>
</testcase>
<testcase name="findUniformStringTestSingleChar()" classname="com.something.to.test.SimpleSolverTest" time="0">
<system-out><![CDATA[
unique-id: [engine:junit-jupiter]/[class:com.something.to.test.SimpleSolverTest]/[method:findUniformStringTestSingleChar()]
display-name: findUniformStringTestSingleChar()
]]></system-out>
</testcase>
<testcase name="findUniformStringTestTwoDistinctsChars()" classname="com.something.to.test.SimpleSolverTest" time="0">
<system-out><![CDATA[
unique-id: [engine:junit-jupiter]/[class:com.something.to.test.SimpleSolverTest]/[method:findUniformStringTestTwoDistinctsChars()]
display-name: findUniformStringTestTwoDistinctsChars()
]]></system-out>
</testcase>
<testcase name="findUniformStringTestLong()" classname="com.something.to.test.SolverReturnsNullTest" time="0.001">
<system-out><![CDATA[
unique-id: [engine:junit-jupiter]/[class:com.something.to.test.SolverReturnsNullTest]/[method:findUniformStringTestLong()]
display-name: findUniformStringTestLong()
]]></system-out>
</testcase>
<testcase name="findUniformStringTestEmpty()" classname="com.something.to.test.SolverReturnsNullTest" time="0">
<system-out><![CDATA[
unique-id: [engine:junit-jupiter]/[class:com.something.to.test.SolverReturnsNullTest]/[method:findUniformStringTestEmpty()]
display-name: findUniformStringTestEmpty()
]]></system-out>
</testcase>
<testcase name="findUniformStringTestTwoChar()" classname="com.something.to.test.SolverReturnsNullTest" time="0">
<system-out><![CDATA[
unique-id: [engine:junit-jupiter]/[class:com.something.to.test.SolverReturnsNullTest]/[method:findUniformStringTestTwoChar()]
display-name: findUniformStringTestTwoChar()
]]></system-out>
</testcase>
<testcase name="findUniformStringTestSimple()" classname="com.something.to.test.SolverReturnsNullTest" time="0">
<system-out><![CDATA[
unique-id: [engine:junit-jupiter]/[class:com.something.to.test.SolverReturnsNullTest]/[method:findUniformStringTestSimple()]
display-name: findUniformStringTestSimple()
]]></system-out>
</testcase>
<testcase name="findUniformStringTestSingleChar()" classname="com.something.to.test.SolverReturnsNullTest" time="0">
<system-out><![CDATA[
unique-id: [engine:junit-jupiter]/[class:com.something.to.test.SolverReturnsNullTest]/[method:findUniformStringTestSingleChar()]
display-name: findUniformStringTestSingleChar()
]]></system-out>
</testcase>
<testcase name="findUniformStringTestTwoDistinctsChars()" classname="com.something.to.test.SolverReturnsNullTest" time="0.001">
<system-out><![CDATA[
unique-id: [engine:junit-jupiter]/[class:com.something.to.test.SolverReturnsNullTest]/[method:findUniformStringTestTwoDistinctsChars()]
display-name: findUniformStringTestTwoDistinctsChars()
]]></system-out>
</testcase>
<testcase name="stringResolverAnnotTest()" classname="com.something.to.test.ToTestTest" time="0.043">
<system-out><![CDATA[
unique-id: [engine:junit-jupiter]/[class:com.something.to.test.ToTestTest]/[method:stringResolverAnnotTest()]
display-name: stringResolverAnnotTest()
]]></system-out>
</testcase>
<testcase name="stringResolverTest()" classname="com.something.to.test.ToTestTest" time="0.001">
<system-out><![CDATA[
unique-id: [engine:junit-jupiter]/[class:com.something.to.test.ToTestTest]/[method:stringResolverTest()]
display-name: stringResolverTest()
]]></system-out>
</testcase>
<testcase name="mockLoggerTest()" classname="com.something.to.test.ToTestTest" time="0.007">
<system-out><![CDATA[
unique-id: [engine:junit-jupiter]/[class:com.something.to.test.ToTestTest]/[method:mockLoggerTest()]
display-name: mockLoggerTest()
]]></system-out>
</testcase>
<testcase name="spyLoggerTest()" classname="com.something.to.test.ToTestTest" time="0.001">
<system-out><![CDATA[
unique-id: [engine:junit-jupiter]/[class:com.something.to.test.ToTestTest]/[method:spyLoggerTest()]
display-name: spyLoggerTest()
]]></system-out>
</testcase>
<system-out><![CDATA[
unique-id: [engine:junit-jupiter]
display-name: JUnit Jupiter
]]></system-out>
</testsuite>
